<?xml version="1.0" encoding="UTF-8"?>
<!-- Generated by org.testng.reporters.JUnitReportReporter -->
<testsuite hostname="DESKTOP-34S6GKH" failures="0" tests="2" name="testCasesPackage.T002_Login_And_Purchase" time="91.175" errors="0" timestamp="2022-07-01T13:44:20 BDT" skipped="0">
  <testcase classname="testCasesPackage.T002_Login_And_Purchase" name="loginAndPurchase" time="40.737"/>
  <system-out/>
  <testcase classname="testCasesPackage.T002_Login_And_Purchase" name="loginAndPurchase" time="50.438"/>
  <system-out/>
</testsuite> <!-- testCasesPackage.T002_Login_And_Purchase -->
